I, [2020-08-09T21:38:48.374475 #11191]  INFO -- : Registered expected interaction GET /token/1234
D, [2020-08-09T21:38:48.375495 #11191] DEBUG -- : {
  "description": "GET user token",
  "providerState": "user token",
  "request": {
    "method": "GET",
    "path": "/token/1234",
    "headers": {
      "Accept": "application/json, text/plain, */*"
    }
  },
  "response": {
    "status": 200,
    "headers": {
      "Content-Type": "application/json"
    },
    "body": {
      "token": {
        "json_class": "Pact::SomethingLike",
        "contents": "bearer"
      }
    }
  },
  "metadata": null
}
I, [2020-08-09T21:38:48.394327 #11191]  INFO -- : Received request GET /token/1234
D, [2020-08-09T21:38:48.394854 #11191] DEBUG -- : {
  "path": "/token/1234",
  "query": "",
  "method": "get",
  "headers": {
    "Accept": "application/json, text/plain, */*",
    "User-Agent": "axios/0.19.2",
    "Host": "localhost:1234",
    "Connection": "close",
    "Version": "HTTP/1.1"
  }
}
I, [2020-08-09T21:38:48.395546 #11191]  INFO -- : Found matching response for GET /token/1234
D, [2020-08-09T21:38:48.395720 #11191] DEBUG -- : {
  "status": 200,
  "headers": {
    "Content-Type": "application/json"
  },
  "body": {
    "token": {
      "json_class": "Pact::SomethingLike",
      "contents": "bearer"
    }
  }
}
I, [2020-08-09T21:38:48.399007 #11191]  INFO -- : Verifying - interactions matched
I, [2020-08-09T21:38:48.417028 #11191]  INFO -- : Cleared interactions
I, [2020-08-09T21:38:48.425093 #11191]  INFO -- : Writing pact for token to /Users/jyoti.gupta/pers_git/pact-online-course/pacts/react-token.json
